0.325904 0.632053
0.333297 0.202361
0.170684 0.128722
0.284614 0.453929
0.421107 0.0761205
0.142249 0.575351
0.973997 0.456454
0.379115 0.145374
0.186175 0.865437
0.19816 0.318069
0.587004 0.614423
0.408963 0.364496
0.874884 0.834028
0.149402 0.0631078
0.448677 0.582481
0.222452 0.652712
0.239667 0.56096
0.992121 0.188264
0.775594 0.310754
0.440878 0.0871987
0.758618 0.172078
0.213465 0.146941
0.725846 0.187032
0.807789 0.733572
0.0548908 0.301023
0.0400793 0.724458
0.367359 0.335738
0.49504 0.327363
0.678329 0.356335
0.827469 0.444694
0.0667716 0.226291
0.933469 0.810081
0.546166 0.731664
0.549616 0.857353
