0 7.66867 9.17243
0 7.33809 8.38975
1 7.33809 8.38975
2 6.37725 7.20805
3 6.37725 7.20805
4 5.84279 6.25522
5 5.84279 6.25522
6 4.90434 5.58058
7 4.90434 5.58058
8 4.20727 4.88308
9 4.20727 4.88308
10 3.6529 4.16011
11 3.6529 4.16011
12 3.50172 3.73663
13 3.50172 3.73663
14 3.45592 3.51153
15 3.45592 3.51153
16 2.98168 3.26098
17 2.98168 3.26098
18 2.93706 3.06027
19 2.93706 3.06027
20 2.77385 2.91836
21 2.77385 2.91836
22 2.60628 2.78899
23 2.60628 2.78899
24 2.57907 2.6704
25 2.57907 2.6704
26 2.39433 2.5209
27 2.39433 2.5209
28 2.31108 2.37391
29 2.31108 2.37391
30 2.24779 2.30163
31 2.24779 2.30163
32 2.21248 2.25022
33 2.21248 2.25022
34 2.19901 2.21221
35 2.19901 2.21221
36 2.01604 2.18809
37 2.01604 2.18809
38 1.89669 2.06997
39 1.89669 2.06997
40 1.85236 1.90382
41 1.85236 1.90382
42 1.72027 1.8319
43 1.72027 1.8319
44 1.71249 1.72024
45 1.71249 1.72024
46 1.71249 1.71293
47 1.71249 1.71293
48 1.67516 1.70228
49 1.67516 1.70228
50 1.61778 1.67428
51 1.61778 1.67428
52 1.58045 1.61037
53 1.58045 1.61037
54 1.58045 1.58045
55 1.58045 1.58045
56 1.53532 1.57951
57 1.53532 1.57951
58 1.53532 1.55058
59 1.53532 1.55058
60 1.47949 1.53097
61 1.47949 1.53097
62 1.44744 1.49815
63 1.44744 1.49815
64 1.40913 1.46087
65 1.40913 1.46087
66 1.40913 1.43232
67 1.40913 1.43232
68 1.40913 1.41062
69 1.40913 1.41062
70 1.40913 1.40913
71 1.40913 1.40913
72 1.40913 1.40913
73 1.40913 1.40913
74 1.40913 1.40913
75 1.40913 1.40913
76 1.40913 1.40913
77 1.40913 1.40913
78 1.40913 1.40913
79 1.40913 1.40913
80 1.40913 1.40913
81 1.40913 1.40913
82 1.40016 1.40896
83 1.40016 1.40896
84 1.40016 1.40056
85 1.40016 1.40056
86 1.40016 1.40016
87 1.40016 1.40016
88 1.37712 1.3997
89 1.37712 1.3997
90 1.35392 1.40923
91 1.35392 1.40923
92 1.35392 1.3826
93 1.35392 1.3826
94 1.35392 1.35392
95 1.35392 1.35392
96 1.35392 1.35392
97 1.35392 1.35392
98 1.35392 1.35392
99 1.35392 1.35392
100 1.35392 1.35392
101 1.35392 1.35392
102 1.35392 1.35392
103 1.35392 1.35392
104 1.35392 1.35392
105 1.35392 1.35392
106 1.32832 1.35341
107 1.32832 1.35341
108 1.32832 1.33344
109 1.32832 1.33344
110 1.32832 1.32832
111 1.32832 1.32832
112 1.32832 1.32832
113 1.32832 1.32832
114 1.32832 1.32832
115 1.32832 1.32832
116 1.32832 1.32832
117 1.32832 1.32832
118 1.32832 1.32832
119 1.32832 1.32832
120 1.32832 1.32832
121 1.32832 1.32832
122 1.32832 1.32832
123 1.32832 1.32832
124 1.32832 1.32832
125 1.32832 1.32832
126 1.32832 1.32832
127 1.32832 1.32832
128 1.32832 1.32832
129 1.32832 1.32832
130 1.32832 1.32832
131 1.32832 1.32832
132 1.32832 1.32832
133 1.32832 1.32832
134 1.3216 1.32697
135 1.3216 1.32697
136 1.31241 1.32132
137 1.31241 1.32132
138 1.24103 1.31355
139 1.24103 1.31355
140 1.24103 1.25335
141 1.24103 1.25335
142 1.24103 1.24103
143 1.24103 1.24103
144 1.24103 1.24103
145 1.24103 1.24103
146 1.24103 1.24103
147 1.24103 1.24103
148 1.24103 1.24103
149 1.24103 1.24103
150 1.24103 1.24103
151 1.24103 1.24103
152 1.24103 1.24103
153 1.24103 1.24103
154 1.24103 1.24103
155 1.24103 1.24103
156 1.24103 1.24103
157 1.24103 1.24103
158 1.24103 1.24103
159 1.24103 1.24103
160 1.24103 1.24103
161 1.24103 1.24103
162 1.24103 1.24103
163 1.24103 1.24103
164 1.23695 1.23989
165 1.23695 1.23989
166 1.23695 1.23695
167 1.23695 1.23695
168 1.23695 1.23695
169 1.23695 1.23695
170 1.234 1.23636
171 1.234 1.23636
172 1.234 1.234
173 1.234 1.234
174 1.21937 1.23371
175 1.21937 1.23371
176 1.21937 1.22405
177 1.21937 1.22405
178 1.21937 1.21937
179 1.21937 1.21937
180 1.21937 1.21937
181 1.21937 1.21937
182 1.21937 1.21937
183 1.21937 1.21937
184 1.21937 1.21937
185 1.21937 1.21937
186 1.21937 1.21937
187 1.21937 1.21937
188 1.21937 1.21937
189 1.21937 1.21937
190 1.21937 1.21937
191 1.21937 1.21937
192 1.21937 1.21937
193 1.21937 1.21937
194 1.21937 1.21937
195 1.21937 1.21937
196 1.21937 1.21937
197 1.21937 1.21937
198 1.21937 1.21937
199 1.21937 1.21937
