0 46.5737 61.7509
0 42.1468 52.6106
1 37.7066 45.0547
2 32.6871 40.9302
3 27.9308 35.3747
4 27.755 31.821
5 25.3733 28.7866
6 24.1166 26.7136
7 24.1166 25.1025
8 22.2187 24.1582
9 22.1823 23.7286
10 20.2534 23.18
11 20.1669 21.9661
12 20.0966 20.8457
13 17.7273 20.2416
14 15.7986 19.7255
15 15.7986 19.5895
16 15.7986 18.7058
17 15.6827 16.9408
18 15.6827 15.9158
19 15.3542 15.7174
20 15.2726 15.6286
21 15.2726 15.7536
22 14.9298 15.4389
23 14.9298 15.3279
24 14.2059 15.2306
25 13.7738 15.0761
26 13.7738 14.9932
27 13.5996 14.5266
28 11.4968 13.7391
29 11.3454 13.0685
30 11.3454 11.8091
31 11.303 11.3752
32 9.97342 11.2921
33 9.97342 11.0343
34 9.93412 10.4835
35 9.88455 9.96535
36 9.495 9.91998
37 8.97728 9.76284
38 8.55475 9.40422
39 7.97504 8.82192
40 7.83114 8.45366
41 7.72605 8.13801
42 7.72605 7.84555
43 7.0327 7.71708
44 7.0327 7.55858
45 7.02957 7.2314
46 6.45231 7.01751
47 6.44918 6.87625
48 6.44918 6.5063
49 6.44918 6.44987
50 5.85308 6.42854
51 5.84009 6.55333
52 5.84009 6.25968
53 5.84009 5.84425
54 5.70816 5.83745
55 5.70816 5.80315
56 5.70816 5.72927
57 5.70816 5.70816
58 5.70816 5.70816
59 5.70816 5.70816
60 5.70816 5.70816
61 5.5692 5.70538
62 5.28104 5.67738
63 4.06682 5.40899
64 4.06682 4.66943
65 3.80988 4.07094
66 3.80988 4.01917
67 3.74636 3.92004
68 3.6759 3.8
69 3.6759 3.76483
70 3.61216 3.69349
71 3.61216 3.62758
72 3.32359 3.60647
73 3.32338 3.54289
74 3.32338 3.39276
75 3.32338 3.3234
76 2.89031 3.31472
77 2.89031 3.17614
78 2.89031 2.89037
79 2.87232 2.88983
80 2.87232 2.88514
81 2.87232 2.87518
82 2.87232 2.87232
83 2.87232 2.87232
84 2.87232 2.87232
85 2.87232 2.87232
86 2.87232 2.87232
87 2.87232 2.87232
88 2.44688 2.86381
89 2.44688 2.77777
90 2.44688 2.57685
91 2.44083 2.44676
92 2.44083 2.44555
93 2.44083 2.44246
94 2.44083 2.44083
95 2.36334 2.43928
96 2.36334 2.41603
97 2.36334 2.37273
98 2.36334 2.36334
99 2.36334 2.36334
100 2.36334 2.36334
101 2.36334 2.36334
102 2.35882 2.36325
103 2.35882 2.36226
104 2.3211 2.35897
105 2.31658 2.34959
106 2.31658 2.33275
107 2.31658 2.31766
108 2.31658 2.31658
109 2.31658 2.31658
110 2.31658 2.31658
111 2.31658 2.31658
112 2.31658 2.31658
113 2.31658 2.31658
114 2.31658 2.31658
115 2.31658 2.31658
116 2.31658 2.31658
117 2.31658 2.31658
118 2.1484 2.31322
119 2.1484 2.28277
120 2.1396 2.20523
121 2.1396 2.14623
122 2.1396 2.14154
123 2.1396 2.1396
124 2.1396 2.1396
125 2.13693 2.13955
126 2.13693 2.13907
127 2.13693 2.13763
128 2.13693 2.13693
129 2.13693 2.13693
130 2.13693 2.13693
131 2.13693 2.13693
132 2.13693 2.13693
133 2.13693 2.13693
134 2.13693 2.13693
135 2.13693 2.13693
136 2.13693 2.13693
137 2.13693 2.13693
138 2.13693 2.13693
139 2.13693 2.13693
140 2.13693 2.13693
141 2.13693 2.13693
142 2.13693 2.13693
143 2.13693 2.13693
144 2.13693 2.13693
145 2.13693 2.13693
146 2.13693 2.13693
147 2.13693 2.13693
148 2.13693 2.13693
149 2.13693 2.13693
150 2.13693 2.13693
151 2.13693 2.13693
152 2.13693 2.13693
153 2.13693 2.13693
154 2.13693 2.13693
155 2.13693 2.13693
156 2.13693 2.13693
157 2.10605 2.13632
158 2.10605 2.13261
159 2.10605 2.11902
160 2.10605 2.10605
161 2.10605 2.10605
162 2.10605 2.10605
163 2.10605 2.10605
164 2.10605 2.10605
165 2.10605 2.10605
166 2.10605 2.10605
167 2.10605 2.10605
168 2.10605 2.10605
169 2.10605 2.10605
170 2.10605 2.10605
171 2.10605 2.10605
172 2.10605 2.10605
173 2.10605 2.10605
174 2.10605 2.10605
175 2.10605 2.10605
176 2.10096 2.10595
177 2.10096 2.10513
178 2.10096 2.1031
179 2.10096 2.10096
180 2.10096 2.10096
181 2.10096 2.10096
182 2.10096 2.10096
183 2.10096 2.10096
184 2.10096 2.10096
185 2.10096 2.10096
186 2.10096 2.10096
187 2.10096 2.10096
188 2.10096 2.10096
189 2.10096 2.10096
190 2.10096 2.10096
191 2.10096 2.10096
192 2.10096 2.10096
193 2.10096 2.10096
194 2.10096 2.10096
195 2.10096 2.10096
196 2.10096 2.10096
197 2.10096 2.10096
198 2.10096 2.39883
199 2.10096 2.14937
