         1.09754         1.41586        0.842846
        -1.35157        -1.54753         2.24605
       -0.392503         1.01619        0.921064
        0.135241        -1.43046        -0.33163
        -1.56788       -0.315007        0.359956
         1.39413         1.09128        -1.14622
       -0.762544        0.766461        -1.40836
         2.57048        -0.20625         2.00485
      -0.0298126       -0.196191        0.956141
         1.66914        0.204334        0.280377
         1.05781        0.716864       -0.841165
         1.51471          1.5207         -1.6671
        -1.41151          0.7058       -0.179084
        0.294941       -0.885612        0.337192
          1.9101        -1.75543       -0.103956
       -0.735515        -0.30774        0.742362
        0.469968        -2.30292        -1.36471
        0.291706       0.0200434         0.37179
         2.86406         0.60878        0.712526
       -0.253861        -1.13142       -0.616709
        -0.46323         1.40436        -1.75008
       -0.463694       -0.298063        -1.23628
       -0.322353        0.881699      -0.0569165
        0.492569        -2.08749        0.704664
        0.929373        -1.00727        0.742604
        -2.58112         1.11789       -0.227548
      -0.0112353       -0.625529        0.259681
        0.224268          -1.888           1.278
        0.825832         2.35398        0.372697
        -1.57612       -0.107217         0.52216
       -0.430342        -2.35099        0.531233
        -1.03111        -1.30552        -1.47808
       -0.176803        0.601508       -0.363234
      -0.0882676        0.116188      -0.0132687
        -1.30447       -0.499237      -0.0947547
        0.715332        0.933902        0.781334
        -1.25622       -0.560309       -0.128223
         2.07858        0.366233        -1.86093
       -0.394457          1.0981         1.73929
        0.640807       -0.874123        -0.69912
        -1.78136         1.39877        -2.15626
        0.854023         1.65096        0.776467
        0.896056        -2.02582       -0.891575
       0.0392314        0.611337         1.00535
        0.566687        0.671072        -1.31235
       -0.963311       -0.061037         1.05873
         1.70921        0.280124        0.239879
        0.642583        0.184388       -0.109283
        0.403961         -1.4899        0.288381
        -1.85181          0.1213        0.462965
       -0.709558        0.379328       -0.306883
       -0.157944        0.199615        -1.29885
        -0.49255       -0.270711        -1.13056
       -0.385153         1.03274          0.4575
       -0.492396          1.3175       -0.846561
       -0.356028        0.232921        -1.67577
        -1.09593       -0.820129       -0.273527
        0.578929        0.115877         1.17908
         2.07438         0.88286        -1.12847
        0.945423       -0.867606         1.01096
        -1.05168        0.682583         1.02396
        -1.61943        -1.23885        -0.35498
         0.81525          1.2267         2.50444
      -0.0874443         1.51273        0.582519
       -0.312035        -1.78762        0.398244
         0.50684         0.40864        -0.28987
         1.04649        0.135013        0.583092
        -1.76779      -0.0911444       -0.666825
        -0.28789       -0.658585        -1.96427
         1.95758        0.766874        -1.40076
        0.129822        0.777325       -0.264719
       0.0774394       -0.151591       -0.235062
        -1.38301        0.896889        -1.00827
       -0.500204         1.20342        0.774736
        0.700915        -1.09773       -0.950114
       -0.912844        -1.32587         1.72344
        0.882468        0.569806        -1.87035
        -1.47505        0.730468         2.02675
        0.716818        0.186121       -0.639626
       -0.441255        0.105177        0.628472
         1.84154        0.214479        -2.38132
       -0.354357         2.51719        0.529099
        0.896907        -1.70865        0.928781
        0.524928         1.13453         1.66541
        0.774839        0.293216        -1.21088
        0.585963        -1.28019        0.460911
          1.3619        0.281572        0.218516
         1.26259         0.53315        0.485065
        -3.04665        -1.25338         1.68932
        -1.10533        0.184892       -0.651257
       -0.419614        0.290276        0.165419
        -1.82536         1.03886      -0.0847727
        -1.47744         0.47229       -0.638738
       -0.728567       -0.896743        0.344395
       -0.744023        -1.16853         -1.1781
        -1.03753       -0.306294        0.706143
       -0.507513         1.47751        0.249873
         -1.3071         1.28344          1.4523
       -0.433649        0.464613        0.119755
        0.419069       -0.487315        0.189447
        -0.63687        0.568312         1.73846
         2.66959        -1.56929        -1.05435
        0.393237        -0.61038        0.268492
        0.261113        -2.33328       -0.162575
        -1.38241        -1.55597      -0.0500414
           1.167         0.10148       -0.338034
         1.09017         1.24872        -1.15661
       -0.233845        -0.58632        0.605822
