       -0.666908        0.179315        0.739558
        -1.28792       -0.186893        0.788864
         1.69258      -0.0569295         1.15928
         0.30482       -0.675041        0.860001
        0.352169        -1.24766        0.469049
        -3.23054       -0.408413        -1.32803
        0.221804        0.376106         -2.5189
        -0.96065         0.82216        0.740594
       -0.976602        -1.01857        0.595385
       -0.178214       0.0158126        -2.16299
        -0.69766       -0.573376       -0.791355
        -1.09812        -1.06707       -0.408999
         2.27192        0.828157         0.58104
        -1.32612       -0.574824        0.232635
         1.25139       -0.817082         -1.5831
        0.175865        -0.48399        -2.14507
         1.13279        -2.20748       -0.360517
       -0.896583       0.0550347       -0.175657
        -1.07342        0.784289         1.34127
        0.449901        -0.45503       -0.991812
        0.591726        0.552587       -0.994109
        0.364448      -0.0242847       -0.560422
         -2.0444         1.20086         1.35616
        -2.41011        0.479185        -1.24188
        0.877093       -0.618514         1.41715
       -0.116615      -0.0578566         1.04852
         0.78932         0.32969        -0.12746
       -0.165473       -0.358658         1.24275
         1.21646        0.375738        -0.54474
        0.410609        0.816525        0.241652
         1.82359       -0.342136       -0.360832
        0.141113          1.0358         1.25016
        -1.83732        0.254808        -1.36706
        -1.81117        0.727999         1.25796
         1.61962         1.71347          0.2778
       -0.293439       -0.177911       -0.388176
          1.6352       -0.887216         0.14884
        0.591412        -1.68002        -0.27069
        0.105944       -0.282862       -0.394481
         0.90024         -1.1222        -1.90564
        0.639288       -0.949028        0.215858
        0.414148        0.447371        0.386248
        -2.34641         2.05672       -0.468623
        -0.70995        0.430029        -2.00677
         1.65999        0.575931      -0.0656295
        0.257985        -1.11116       -0.285598
        0.645799        0.440481         1.53894
       -0.338213        -1.28438        -3.02797
        -1.19307        0.925561          3.4708
        0.192401        -2.01275         1.23956
        0.574191        -0.82949         1.17126
        0.195896       -0.917213         1.04276
        0.798588         2.06063         1.79395
        0.125987         1.12266       -0.359104
         1.58564         1.87878        0.992173
         1.47915        -0.25049         2.22946
        -3.31004       -0.498588        -0.27123
        -1.21088       -0.863464      -0.0349053
         0.17927       0.0898414        0.479215
       -0.306087       -0.518008        0.914619
       -0.916412         0.43712       -0.774317
        -0.13436       -0.570291         1.51052
        0.155416         1.39413          1.2695
        0.717951        0.280372        0.633958
         -1.0773         0.11836        -1.22331
        0.728685       -0.105125        -1.31206
         1.51884        0.764171         1.19885
        0.789057       -0.557163        0.282624
         2.12772       -0.672442       -0.170813
     0.000112015        0.650116       0.0577579
      -0.0980199         1.73165        0.981711
       0.0592819       0.0065034        0.163691
        0.618742        -1.78582        0.892091
        0.203494       -0.453175       -0.321161
        0.887086        0.807857       -0.493726
        -1.50558        0.355719         1.36304
       -0.706608         1.74375        -1.46944
       -0.380386         1.93022         1.84113
        -1.77059         1.14514       -0.594495
       -0.694647       0.0556301       -0.513852
         2.64063        0.692162      -0.0996388
        0.603162        -1.03003         1.09566
         2.15118       -0.725117       -0.682398
       -0.250387         1.86592       -0.443323
        0.536825        -1.30716        -1.79107
         1.17308        0.140258        0.930016
        0.210512         0.50669        -2.14252
        0.701701       -0.822024       -0.971415
        -2.66964       -0.885773          1.9173
        -1.11614        0.680876       -0.744335
        -1.37162         0.75141       0.0492347
        -2.01276        0.959051       -0.605739
      -0.0439796       -0.870091        0.902691
         1.04467        0.300509        -1.63876
          1.8861        0.596937        -1.22869
        -1.62666         1.90731         1.28476
        -2.19567      -0.0500715       -0.708518
       -0.398779        -1.63181         0.69377
         2.37443         1.17842       -0.561252
        -1.29282       -0.867882        -1.66974
       -0.619209       -0.798812       -0.381032
         -0.7675        0.369714         1.21388
        0.140803       -0.186547       -0.730023
         1.30147       -0.479906       -0.684892
        -1.02999       0.0188062       -0.112777
        0.608097        0.226968       -0.976699
         1.95234        -2.71756        0.224519
        0.365272        -1.11594         0.45755
