       -0.191446        0.101766         0.12649
      -0.0962278         2.30114         -1.0716
         0.76286        -1.63556        0.913611
        0.606838        -1.05288       -0.887716
        -1.43363       -0.144941         1.49491
         1.06525        0.126824       -0.567697
        0.438422        -0.76177       -0.378114
         0.31382         1.56734         1.36646
        0.353864        0.903679         1.51734
        -2.88619        -1.45985        -1.08545
        0.426914         1.92041       -0.166198
        0.375953       -0.879251         2.05963
      -0.0508764        -0.95574        0.980234
       -0.530378       0.0548683         0.52593
        0.787581         0.97221        0.429025
       0.0146851         0.99893        0.504896
         3.45555       -0.306532        -3.18342
        -2.14985         1.46584         1.51865
       -0.871106        0.193652       -0.520134
       -0.219923        -0.29937        0.403993
       -0.785337        -1.03631        0.281372
        0.229363        -0.69662        -2.84866
       -0.442696        -1.57882         1.57427
        0.688558       -0.701137        0.144222
       -0.298186       -0.312027       -0.345677
        -0.17373       -0.478893         1.72223
       -0.290721          1.9993        -1.04813
      -0.0323463       -0.577642        0.666195
       -0.919671         1.07486         1.89719
         1.08558       -0.543491        -2.60428
       -0.314684         1.26466        -1.10285
         -1.8735         2.40223        0.616458
        0.363867       -0.548083        -2.07957
       -0.514225        0.302023        0.104688
         1.07818       -0.174726        -2.33969
        0.680503         1.53745        -1.24668
       -0.275676       -0.501253        0.827435
        0.642807        -1.75516        0.643873
       -0.993684        0.744879        0.231284
        0.763248         1.17144        0.373297
       0.0478139         1.06196       -0.366915
        -1.63589      -0.0655873         1.10805
       -0.839226       -0.953062         1.34081
        -1.30098        -1.29449       -0.884278
        0.190481       -0.374617        -1.35419
        -1.90955        -1.26536       -0.473716
        0.381082        0.509841      -0.0133053
         1.42946         -1.4344       -0.689336
        0.288776        0.307461        0.247467
       -0.244887       -0.753755       -0.076373
        -0.89727         1.51538       -0.694221
       0.0101682         1.63001         1.68228
         1.74152        0.506319       -0.822515
         1.22132       -0.532266       0.0306105
        0.670729        -1.32736        -1.00076
      -0.0909948        -1.60524       -0.454071
         1.77259        0.322723        0.539424
        -1.36933        0.553229         -1.4045
         -1.3879        -1.24878        -1.15516
        0.475491         1.39014        -0.37697
          1.2249        -0.67722         1.98169
         1.57308        0.924461       -0.806696
         1.48575        0.221177        -1.23627
         1.37313        0.362794       -0.314104
        -1.12535         1.15664       -0.259267
        0.334247        -1.59764         1.96688
       -0.971224       -0.368404       -0.371323
        -1.44783       -0.193676        0.471209
       -0.226741        0.676749        0.722885
       -0.170303       -0.841249        0.262218
         1.12514         1.68716        0.618986
        0.569966       -0.720332        0.292719
        0.465902         1.32876        0.682139
       -0.358847       0.0953325       -0.378761
         1.21166         0.32493       -0.634846
        0.846501        -2.75073        -1.34836
       0.0530307        0.545573        -1.94004
       -0.579905        -1.17044        0.157348
        -2.14488        -1.04283        0.816367
       -0.888757        -1.91477         1.28558
        0.658184       -0.177614       -0.833249
       -0.566043       -0.154256      -0.0658015
        -1.40324       -0.386635       -0.569243
       -0.076934        -1.10384        0.104086
        -2.17041        -1.78417       -0.371603
         2.00787       -0.690842        -0.12192
        0.780369         3.18158         1.18642
       -0.848793        -2.45731        0.572392
       -0.830445      -0.0643993        0.868635
         1.12588       -0.565368        0.368411
        -0.27895       -0.481088         1.15969
         -1.1463        0.463731        -0.43347
        -1.69546         2.08039      -0.0279384
        0.498262        -1.84838        0.373809
         1.20989         0.63924       -0.963543
         1.16495       -0.793303        0.404558
         1.38583       0.0924675       -0.424035
        0.854599        0.786223       -0.308476
        0.337849       -0.116912        0.387793
       -0.300783         1.07465       0.0979236
        -1.44029       0.0439829        -0.80742
         -1.4796        0.138562         1.25091
        0.772841      -0.0545034         1.06537
        0.221448        0.985701        -0.99603
        0.383234         1.79268        -1.29962
         -1.5996         2.32546         1.06693
         1.41277       -0.715506         1.71146
         1.33026       0.0975798      0.00547093
