        -1.36826        -1.18622        0.876007
       -0.132068       -0.136761       0.0277633
       -0.613043        -0.73279       -0.544806
        0.648772        0.148599         1.84943
       -0.871195       -0.626494        -1.84271
       -0.575891        0.932825      -0.0951922
        0.165601        0.187222        0.388978
        -1.41713       0.0968822        0.194745
         1.27568       -0.978255         0.43925
         1.12451        -1.00528         1.49617
        0.856609       -0.390285         1.56844
        0.345815         1.08061        0.692046
        -1.88876       -0.773952        -0.21031
       -0.797975        0.261523     -0.00455453
       -0.746948        0.299648       -0.151507
        0.770393         2.86156        -2.10779
         1.48567       -0.207224       -0.511401
         1.21863       -0.745151       -0.176308
        -2.81619       -0.461751       -0.239154
        -1.01651        0.146668        0.622761
         1.33116     -0.00289146       -0.175392
        0.577018       -0.732084       0.0402117
       -0.903163         1.58828        0.118905
        0.612125        -1.64922         0.44323
         1.39954          -2.091        0.466531
         -1.3971       -0.400992         1.78161
       -0.869203        -1.62041       -0.195378
         1.13402         1.23303       -0.222103
       -0.412008       -0.578853         -1.4048
       0.0981939        -0.21136        0.239796
       -0.776975        0.315709        0.386294
        0.422376       0.0505409        -1.49724
       -0.453303       -0.271281         0.37568
       -0.832537        0.455374       -0.522499
        0.305949         1.02867       -0.710804
        0.460312       -0.440837       -0.591957
        -1.65318       -0.438819       -0.321265
        0.196479        -1.18499      -0.0481634
        0.256634       -0.603517        0.635824
       -0.919428         1.05378        0.429449
         1.05152         1.11294        0.304657
        0.153733        -0.69542        0.467346
        -1.26345       -0.837381       -0.138013
        0.409875        0.732881        0.430646
       -0.132308       -0.532481        -1.41582
        -1.40239        0.274273       0.0786588
       -0.413531        0.324306        0.828421
       -0.206556       -0.164467         1.03942
        -0.28661       -0.287765        0.109607
        0.783593       -0.361731      -0.0424224
        0.660982         -1.7118         0.60887
         0.26617         1.34166       -0.559809
       -0.147244          0.5622         1.32826
       -0.313672        -1.00155      -0.0447817
         1.48102       -0.103141        -1.65112
        0.385293        0.428411        0.787579
        0.703259       -0.474346       -0.980048
         1.52354       -0.511783        0.797825
        0.763022        0.128848          1.2965
       0.0317373        -1.43482        0.490201
         1.44804         1.26021       -0.255924
         1.60404        -2.70726        0.412709
        -0.66546        0.442684       -0.564353
        0.324002        -1.20064         1.50709
         1.10933        0.629653       -0.834566
        -1.63374         1.63704        -1.59733
       -0.608198         1.08109        0.442036
       -0.114509       -0.574533        0.469802
        -0.39625         1.88872        0.556856
         1.77064         0.47541       0.0375165
        -1.16553       -0.574734        0.455532
       -0.926483         1.30163       -0.761331
       0.0826508       -0.185618       -0.403101
        0.624198      -0.0170186         1.35723
        -1.09981       -0.776901       -0.847324
        0.209671        -1.25958       -0.586587
        0.423685        0.716161        0.722378
       -0.030784        0.297094        -1.43894
       -0.321593        0.325136        0.862789
         1.12692        0.960563       -0.920311
       -0.455219       -0.227863        0.245665
       -0.486715         2.22369      -0.0780125
        0.544107       -0.996177       -0.347943
        0.812898         0.52583       -0.135328
       -0.294131         0.33211       -0.583365
       -0.745972         0.69331         1.08137
        0.842384      -0.0370376        0.655857
       -0.268881         0.25199         -1.1045
        0.527572       -0.720358        0.147431
         0.58928        0.929886        0.264573
       -0.014112       0.0833569        -1.00873
        -0.63937       -0.793531       -0.107718
        -2.71412        -2.26407        0.229572
        0.805583         1.57338       -0.558756
        0.347021        -1.25036        0.321696
         1.08942         -1.5517       -0.503886
        -1.21129         1.59297         1.01342
        -1.27702       -0.504032        -1.05388
        0.121416        0.489942        -1.21013
      -0.0972794       -0.437809       -0.517569
       0.0553748       -0.643424        0.318256
         1.39375         1.28027       -0.990136
          1.3483         2.17936        0.314527
        -0.30723         1.89072        0.617306
        0.170796        -0.92427        -1.27366
        -0.44988       0.0421943          1.0191
         1.17419         1.06364        0.172062
         -0.8943        0.419521       -0.777156
