       -0.229039        -0.15693       -0.391922
       -0.136489       -0.131015        -1.48446
       -0.158107         1.28287        0.585095
       0.0692895       -0.827229        -1.83839
       -0.721152       -0.683929      -0.0275956
       -0.727627        -1.84175        0.358554
       -0.418092        0.673341      -0.0466195
        0.961567        0.846614       -0.836226
       -0.355158        -1.41301        -1.17023
           1.118        0.113376        0.840552
       -0.277421       -0.937629        0.788365
       -0.204636          0.7312         1.16535
       -0.388532       -0.498734         1.35755
        0.770551         1.03765       -0.371654
         1.07634      -0.0709311       -0.556634
        0.311611         1.03795       -0.239773
       -0.262714        0.243478        -2.59722
        0.458269         2.52251        -1.41095
        -1.10821       -0.439149         0.55883
         2.32712       -0.387332        0.216304
        -2.00117       0.0230268        -0.75946
        0.667797         1.06122         1.25726
        -1.23083         1.14739       -0.290203
       -0.428407        -1.13169       -0.975867
        -1.68694      -0.0934703        0.821587
        -0.43258        -1.02279        0.475085
        -1.36713        -1.44034         1.43055
      -0.0420123        0.887201        -0.76258
         -1.0746         1.13137       0.0894158
        0.159542         1.73178        -1.61736
        -1.41905      -0.0763638        0.505804
         1.38273        0.507883          0.8965
        0.135361          3.0862       -0.701109
        0.250994        0.267292       -0.112425
       -0.741263       -0.551358       -0.930612
        0.530689       0.0835409       -0.202162
        0.617077        0.403157       -0.479721
       -0.378779       0.0286304         1.03907
       -0.970462        -0.29679        0.236128
        0.388237      -0.0183808       -0.425531
        -1.90767        0.854786         1.64746
        0.262614       -0.420672      -0.0639943
        0.594774       -0.730016         1.04484
       -0.485241        -1.33295       -0.732705
        0.990566       -0.975251       -0.473718
         1.97015       -0.140763         1.49348
       -0.654364        -1.54956        0.347252
        -1.15817      -0.0333023        -2.50444
         1.12454      -0.0966589         0.15382
        -1.51943         2.18016         3.25455
         1.47359        0.181368       -0.649013
      -0.0652954       -0.677844       -0.645396
         2.02817        -1.38251       -0.434985
        0.289929         1.88623        0.267429
         1.43553       -0.798849          1.5282
         1.91722        -1.72903        -1.11942
        0.774443          1.0806        -1.22988
        -1.03673       -0.327998        -0.36905
        0.183914         2.78752       -0.216355
       -0.468992        -2.32106        0.644217
        0.335788       -0.755897        0.557673
        -1.17658        0.626324        0.229917
         1.81322         1.64692       -0.277091
       -0.958057       -0.457417        0.270712
        -0.74215        0.563039         1.72837
        0.171066        0.611876       -0.505264
       -0.415526        -1.67849        0.153049
        -1.41337       -0.724249       -0.571055
       -0.202432        0.118061         0.72488
       -0.455841         0.59573        -2.85298
        -0.78577        0.310335        -0.20961
         1.66025       -0.525395        0.202862
        0.927231      0.00523111         0.51558
        0.231678        -1.07943        0.199833
         1.34577         1.14989        0.339084
         1.63215        -2.74145         1.79333
       -0.432723         2.68357         2.88357
        -1.18748        -1.47828        0.828996
        0.198038        0.467583        -1.68953
         -1.4084        0.322375        -1.21472
         1.43185        0.329456        0.634955
        -0.77149         -1.1286       -0.989428
        0.432491       -0.414667        0.711279
        -1.67411        0.341253         1.50677
       -0.886058        -1.71598       -0.671904
         1.34601         0.45004       -0.158708
        0.162225        0.511691         1.53628
        -1.35183        -1.18286       -0.186089
       -0.496667        0.288041        0.285272
        0.868425       -0.974328       -0.200332
       -0.793091        -1.20303         2.41524
       -0.583879       -0.302289        0.528961
       -0.203812       -0.156281       -0.333669
       -0.765873          1.7462       -0.575065
         -1.2363       -0.884937         -1.1357
       -0.313129         1.19406       -0.836155
        -0.73029       -0.836225       -0.187496
         0.48296         1.38505        -1.45347
        -0.89802        0.764878      -0.0946899
        0.778981        -2.38715        -1.60667
        0.233748        0.364959         1.76709
      0.00415811         1.48574          1.5534
        0.715603       -0.278802         1.32635
         1.79045       -0.471805        0.772392
         2.27639       -0.669272        -1.33269
       -0.826844         0.33226        -2.05224
         1.56642       -0.196598        0.454856
       0.0904941        0.665856        -1.12173
