0.197947 0.34059
0.787978 0.276738
0.563732 0.585492
0.244155 0.656626
0.0954662 0.576356
0.527512 0.0667411
0.641173 0.7982
0.869077 0.816275
0.892806 0.336528
0.368212 0.572819
0.0413688 0.367236
0.184903 0.929482
0.593202 0.390246
0.833256 0.114035
0.0705708 0.546228
0.411151 0.0984888
0.554261 0.524133
0.896217 0.986761
0.547212 0.403572
0.586438 0.451695
0.592775 0.922689
0.276886 0.974951
0.521696 0.230653
0.410738 0.247582
0.58738 0.254116
0.947358 0.0672427
0.44463 0.927934
0.433811 0.890757
0.70438 0.229576
0.285712 0.557569
0.333612 0.200386
0.77223 0.998713
0.549771 0.890222
0.00795675 0.614189
