0.717473 0.696586
-0.587887 -0.808943
-0.916391 0.400284
-0.543647 -0.839314
-0.861285 0.508122
-0.30382 0.95273
0.0716898 0.997427
0.87047 0.492222
-0.755559 0.655081
-0.220505 0.975386
0.149852 0.988708
-0.23969 0.970849
0.606615 0.794996
-0.35163 -0.936139
-0.741753 -0.670673
0.928473 0.371399
-0.849216 -0.528045
0.223615 -0.974677
0.370491 0.928836
0.978221 -0.207564
0.859514 0.511112
0.146754 0.989173
-0.0841849 0.99645
0.0181465 -0.999835
-0.211784 -0.977317
-0.534167 0.845379
-0.400818 -0.916158
-0.994591 0.103866
-0.917324 0.398143
-0.595889 0.803067
-0.975936 0.218058
0.958561 0.284887
-0.114692 0.993401
0.103689 0.99461
