         1.49208        0.149139        -1.10301
        0.882848       0.0314167        -1.26601
        0.449234       -0.135871       -0.586728
        0.775077        0.458736       -0.980573
        0.640243        -2.00895        -1.72683
        -1.86592       -0.229501        0.794879
          0.6912         0.82223        -1.27022
      -0.0214143        0.443403        0.743866
        0.759113       -0.564053        -1.40775
        0.484989         1.30112       -0.462962
       -0.296647        -1.70227       -0.309769
        -1.07294       -0.223393        -0.97044
        -1.40131       -0.609589        -1.02713
       -0.287266       -0.280251        0.847256
        0.180055         1.85006         1.74765
        0.398019         -0.8463      -0.0367181
        0.198503        0.729723         1.01635
       -0.725268         -0.1015        -1.78469
        0.317021       -0.183829        0.675263
        0.503355         -1.0249        0.743088
         1.26022         1.05412        0.144912
        0.195004         1.74943        -1.66057
        -1.58513         0.20088        0.685248
        -1.40529       -0.214893      -0.0222045
        0.672362       -0.375498         1.09609
        0.992492         0.42675        -1.58368
        0.286642        0.337859       -0.629059
        0.132957       -0.482225       -0.133066
        0.090452       -0.601388       -0.892008
      -0.0909491        0.695701        0.397528
       -0.200504        -1.10319        0.235285
         1.44439        -0.45933         1.10059
        -1.08208        0.436348       -0.754063
        0.664129        0.717341         1.58813
        0.612613      -0.0485355        -1.08542
      -0.0672166         1.45947       -0.523915
        0.234342       -0.931955         1.67834
        0.288182       -0.766032          1.0864
        -0.57002       -0.660027         0.20468
      -0.0932635        0.224795        -1.26307
        0.615043         1.38314        -1.04024
       -0.474735        0.836495      -0.0320724
        -1.32002       -0.601173        0.287703
       -0.753889       -0.229423         1.84901
        0.215299        -1.32522        0.990024
        -1.20025         2.34137        -1.11315
       -0.137837       0.0047927         1.90982
       -0.525757       -0.634361        -1.86597
        0.149054       -0.847575        0.981931
      -0.0609678       -0.365707        0.816864
        -1.32974       -0.848334       -0.482132
         1.66854        0.263323     -0.00875402
          1.2225         1.08644       -0.135976
      -0.0641937        0.941873        0.289615
         1.49677        -0.73989       -0.424865
        0.242675        0.223438       -0.913107
        0.277981        0.163393        0.507457
        -1.93479        0.992161       -0.859463
          -1.455       0.0313356       -0.324798
         1.02295        0.412316         1.08946
       -0.782451     -0.00296083         1.26007
        0.363191      -0.0195758       -0.607369
      -0.0640043       -0.373817        0.646596
        0.424411       -0.428276       -0.326935
         1.49054        0.785368       -0.777815
       -0.260495        0.547632        -1.08283
       -0.421615        0.685963        0.215763
         1.92302       -0.117632       -0.687329
       -0.647407       -0.599444         1.01317
       -0.920784       -0.691002        0.478504
         1.17946       -0.627684       0.0892713
        -1.01126        0.184878       -0.771982
        -1.54199        -1.23913        -2.01964
       -0.618609        0.501807      -0.0429634
       -0.789428       -0.780678       -0.706746
       0.0746613        0.486912         1.35761
        -1.52484         -1.3112        0.513577
       0.0943936        0.517102        0.515013
      -0.0236469        0.123592        -0.22675
          1.2912        0.591775        0.622875
        0.320281       -0.272931        0.889944
       -0.460333       -0.393914        0.936882
        -1.80616       -0.395472        -1.35161
       -0.107224       -0.513848         1.21617
        -2.23077         1.18808      -0.0608782
        0.213331        -1.07747       -0.182174
        -1.87731       -0.421484       -0.174635
         1.54048        -1.08753         1.09561
        -1.55016       0.0540892         -1.1297
        0.549492        -0.11628         1.12472
         2.19976       -0.598435         1.11537
        0.711574          2.3129       -0.435835
       -0.106216        0.589271       -0.876356
        0.598923        -1.21875        0.470811
        0.472213        0.621006        0.905105
       0.0703168        0.514554        0.092189
        0.796555       -0.207425       -0.462596
       0.0851583        -1.04741        0.769489
        0.346336       -0.486361         1.59658
        0.347411        0.547713         1.12048
        0.667581        0.733006        -0.44832
       -0.801905       -0.148703       -0.540323
        0.336813         0.70711        -2.12064
          0.3687        -0.70739        0.579321
         1.02819         1.08664       -0.824734
       -0.527778       -0.533331        0.368465
       -0.954937        0.229899         2.27165
      0.00137793       -0.214601       -0.234071
